<?xml version="1.0" encoding="UTF-8"?>
<!-- Generated by org.testng.reporters.JUnitReportReporter -->
<testsuite skipped="0" hostname="LAPTOP-S5M35NOQ" name="getRequest.Test_Post" tests="1" failures="0" timestamp="2020-10-02T18:07:54 IST" time="4.841" errors="0">
  <testcase name="Test_1_Post" time="4.841" classname="getRequest.Test_Post"/>
  <system-out/>
</testsuite> <!-- getRequest.Test_Post -->
