<?xml version="1.0" encoding="UTF-8"?>
<!-- Generated by org.testng.reporters.JUnitReportReporter -->
<testsuite skipped="0" hostname="LAPTOP-S5M35NOQ" name="apiTest.Test_Put" tests="1" failures="0" timestamp="2020-10-03T06:35:40 IST" time="2.558" errors="0">
  <testcase name="put_Test" time="2.558" classname="apiTest.Test_Put"/>
  <system-out/>
</testsuite> <!-- apiTest.Test_Put -->
