<?xml version="1.0" encoding="UTF-8"?>
<!-- Generated by org.testng.reporters.JUnitReportReporter -->
<testsuite skipped="0" hostname="LAPTOP-S5M35NOQ" name="getRequest.GetRequest" tests="2" failures="0" timestamp="2020-10-02T08:36:26 IST" time="4.665" errors="0">
  <testcase name="get_request1" time="0.629" classname="getRequest.GetRequest"/>
  <system-out/>
  <testcase name="get_request" time="4.036" classname="getRequest.GetRequest"/>
  <system-out/>
</testsuite> <!-- getRequest.GetRequest -->
