<?xml version="1.0" encoding="UTF-8"?>
<!-- Generated by org.testng.reporters.JUnitReportReporter -->
<testsuite skipped="0" hostname="LAPTOP-S5M35NOQ" name="apiTest.Test_Get" tests="1" failures="0" timestamp="2020-10-03T06:21:58 IST" time="4.388" errors="0">
  <testcase name="get_Test" time="4.388" classname="apiTest.Test_Get"/>
  <system-out/>
</testsuite> <!-- apiTest.Test_Get -->
