<?xml version="1.0" encoding="UTF-8"?>
<!-- Generated by org.testng.reporters.JUnitReportReporter -->
<testsuite skipped="0" hostname="LAPTOP-S5M35NOQ" name="getRequest.Test_Put" tests="1" failures="0" timestamp="2020-10-02T18:08:39 IST" time="3.611" errors="0">
  <testcase name="Test_1_Put" time="3.611" classname="getRequest.Test_Put"/>
  <system-out/>
</testsuite> <!-- getRequest.Test_Put -->
