<?xml version="1.0" encoding="UTF-8"?>
<!-- Generated by org.testng.reporters.JUnitReportReporter -->
<testsuite skipped="0" hostname="LAPTOP-S5M35NOQ" name="getRequest.Test_delete" tests="1" failures="0" timestamp="2020-10-02T18:14:57 IST" time="4.362" errors="0">
  <testcase name="Test_1_Delete" time="4.362" classname="getRequest.Test_delete"/>
  <system-out/>
</testsuite> <!-- getRequest.Test_delete -->
