<?xml version="1.0" encoding="UTF-8"?>
<!-- Generated by org.testng.reporters.JUnitReportReporter -->
<testsuite skipped="0" hostname="LAPTOP-S5M35NOQ" name="getRequest.Test_Get" tests="1" failures="0" timestamp="2020-10-02T16:04:27 IST" time="4.269" errors="0">
  <testcase name="First_Test_request" time="4.269" classname="getRequest.Test_Get"/>
  <system-out/>
</testsuite> <!-- getRequest.Test_Get -->
