<?xml version="1.0" encoding="UTF-8"?>
<!-- Generated by org.testng.reporters.JUnitReportReporter -->
<testsuite skipped="0" hostname="LAPTOP-S5M35NOQ" name="apiTest.Test_Post" tests="1" failures="0" timestamp="2020-10-03T06:32:12 IST" time="2.613" errors="0">
  <testcase name="TestPost" time="2.613" classname="apiTest.Test_Post"/>
  <system-out/>
</testsuite> <!-- apiTest.Test_Post -->
